building with Kotlin 1.3.72
Run with --stacktrace option to get the stack trace. Run with --info or --debug option to get more log output. Run with --scan to get full insights.
FAILURE: Build failed with an exception.
Execution failed for task ':test'.
CustomerRegistrationHandlerTests > returns_InternalError_for_other_exceptions()
CustomerRegistrationHandlerTests > returns_Forbidden_for_excluded()
CustomerRegistrationHandlerTests > returns_Created_with_body_on_success()
CustomerRegistrationHandlerTests > returns_Conflict_for_duplicate()
> There were failing tests. See the report at: file://build/reports/tests/test/index.html
> Task :testClasses
> Task :test
> Task :processTestResources
> Task :processResources
> Task :compileTestKotlin
> Task :compileTestJava
> Task :compileKotlin
> Task :compileJava
> Task :clean
> Task :classes
> Configure project :
8 tests completed, 4 failed
* What went wrong:
* Try:
* Get more help at https://help.gradle.org
    java.lang.AssertionError at CustomerRegistrationHandlerTests.java:96
    java.lang.AssertionError at CustomerRegistrationHandlerTests.java:73
    java.lang.AssertionError at CustomerRegistrationHandlerTests.java:58
    java.lang.AssertionError at CustomerRegistrationHandlerTests.java:43

