> Task :test FAILED

TableReaderAcceptanceTests > acceptance test() FAILED
    kotlin.NotImplementedError at TableReaderAcceptanceTests.kt:29

TableReaderTests > two lines of input with default field names() FAILED
    java.lang.NoClassDefFoundError at TableReaderTests.kt:46

TableReaderTests > can specify header names() FAILED
    java.lang.NoClassDefFoundError at TableReaderTests.kt:77

TableReaderTests > one line of input with default field names() FAILED
    java.lang.NoClassDefFoundError at TableReaderTests.kt:21

TableReaderTests > empty list returns empty list() FAILED
    java.lang.NoClassDefFoundError at TableReaderTests.kt:11

TableReaderTests > takes headers from header line() FAILED
    java.lang.NoClassDefFoundError at TableReaderTests.kt:59

TableReaderTests > empty line returns empty map() FAILED
    java.lang.NoClassDefFoundError at TableReaderTests.kt:33

7 tests completed, 7 failed

