> Task :test FAILED

TableReaderAcceptanceTests > acceptance test() SKIPPED

TableReaderTests > takes headers from header line() FAILED
    org.opentest4j.AssertionFailedError at TableReaderTests.kt:62

6 tests completed, 1 failed, 1 skipped

