> Task :test FAILED

TableReaderAcceptanceTests > acceptance test() SKIPPED

TableReaderTests > takes headers from header line() FAILED
    kotlin.NotImplementedError at TableReaderTests.kt:60

6 tests completed, 1 failed, 1 skipped

