> Task :test FAILED

TableReaderAcceptanceTests > acceptance test() FAILED
    kotlin.NotImplementedError at TableReaderAcceptanceTests.kt:43

1 test completed, 1 failed

