> Task :test FAILED

HighValueCustomersReportTests > emptyTest() FAILED
    java.lang.IllegalStateException at HighValueCustomersReportTests.kt:59

HighValueCustomersReportTests > test() FAILED
    java.lang.IllegalStateException at HighValueCustomersReportTests.kt:59

3 tests completed, 2 failed

