> Task :test FAILED

CustomerRegistrationHandlerTests > returns_Forbidden_for_excluded() FAILED
    java.lang.AssertionError at CustomerRegistrationHandlerTests.java:75

CustomerRegistrationHandlerTests > returns_Created_with_body_on_success() FAILED
    java.lang.AssertionError at CustomerRegistrationHandlerTests.java:44

CustomerRegistrationHandlerTests > returns_Conflict_for_duplicate() FAILED
    java.lang.AssertionError at CustomerRegistrationHandlerTests.java:59

CustomerRegistrationHandlerTests > returns_InternalError_for_other_exceptions() FAILED
    java.lang.AssertionError at CustomerRegistrationHandlerTests.java:98

8 tests completed, 4 failed

