> Task :test FAILED

TableReaderTests > test() FAILED
    kotlin.NotImplementedError at TableReaderTests.kt:15

1 test completed, 1 failed

