> Task :test FAILED

TableReaderAcceptanceTests > acceptance test() FAILED
    kotlin.NotImplementedError at TableReaderAcceptanceTests.kt:33

1 test completed, 1 failed

