> Task :test FAILED

CustomerRegistrationHandlerTests > returns_Forbidden_for_excluded() FAILED
    org.opentest4j.AssertionFailedError at CustomerRegistrationHandlerTests.java:70

CustomerRegistrationHandlerTests > returns_Created_with_body_on_success() FAILED
    org.opentest4j.AssertionFailedError at CustomerRegistrationHandlerTests.java:40

CustomerRegistrationHandlerTests > returns_Conflict_for_duplicate() FAILED
    org.opentest4j.AssertionFailedError at CustomerRegistrationHandlerTests.java:55

8 tests completed, 3 failed

