> Task :test FAILED

CustomerRegistrationHandlerTests > returns_Forbidden_for_excluded() FAILED
    org.opentest4j.AssertionFailedError at CustomerRegistrationHandlerTests.java:72

CustomerRegistrationHandlerTests > returns_Created_with_body_on_success() FAILED
    org.opentest4j.AssertionFailedError at CustomerRegistrationHandlerTests.java:41

CustomerRegistrationHandlerTests > returns_Conflict_for_duplicate() FAILED
    org.opentest4j.AssertionFailedError at CustomerRegistrationHandlerTests.java:56

8 tests completed, 3 failed

