> Task :test FAILED

TableReaderAcceptanceTests > acceptance test() SKIPPED

TableReaderTests > empty list returns empty list() FAILED
    kotlin.NotImplementedError at TableReaderTests.kt:14

2 tests completed, 1 failed, 1 skipped

