Run with --stacktrace option to get the stack trace. Run with --info or --debug option to get more log output. Run with --scan to get full insights.
RegistrationHandlerTests > returns_InternalError_for_other_exceptions()
RegistrationHandlerTests > returns_Forbidden_for_blacklisted()
RegistrationHandlerTests > returns_Created_with_body_on_success()
RegistrationHandlerTests > returns_Conflict_for_duplicate()
FAILURE: Build failed with an exception.
Execution failed for task ':test'.
> There were failing tests. See the report at: file://build/reports/tests/test/index.html
> Task :testClasses
> Task :test
> Task :processTestResources
> Task :processResources
> Task :compileTestKotlin
> Task :compileTestJava
> Task :compileKotlin
> Task :compileJava
> Task :clean
> Task :classes
16 tests completed, 4 failed
* What went wrong:
* Try:
* Get more help at https://help.gradle.org
    java.lang.AssertionError at RegistrationHandlerTests.java:96
    java.lang.AssertionError at RegistrationHandlerTests.java:73
    java.lang.AssertionError at RegistrationHandlerTests.java:58
    java.lang.AssertionError at RegistrationHandlerTests.java:43

