> Task :clean
> Task :compileKotlin FROM-CACHE
> Task :compileJava FROM-CACHE
> Task :processResources NO-SOURCE
> Task :classes UP-TO-DATE

> Task :compileTestKotlin FAILED
e: /Users/nat/projects/refactoring-to-kotlin-book/build/testing-history/src/test/java/colloquiumatic/json/Json.kt: (19, 16): None of the following functions can be called with the arguments supplied: 
public final fun obj(vararg props: Map.Entry<String?, JsonNode?>?): ObjectNode defined in colloquiumatic.json.Json
public final fun obj(props: Iterable<Map.Entry<String?, JsonNode?>>): ObjectNode defined in colloquiumatic.json.Json

FAILURE: Build failed with an exception.

* What went wrong:
Execution failed for task ':compileTestKotlin'.
> Compilation error. See log for more details

* Try:
Run with --stacktrace option to get the stack trace. Run with --info or --debug option to get more log output. Run with --scan to get full insights.

* Get more help at https://help.gradle.org

