> Task :clean
> Task :compileKotlin FROM-CACHE
> Task :compileJava FROM-CACHE
> Task :processResources NO-SOURCE
> Task :classes UP-TO-DATE

> Task :compileTestKotlin FAILED
e: /Users/nat/projects/refactoring-to-kotlin-book/build/testing-history/src/test/java/colloquiumatic/SessionsTests.kt: (35, 13): Type inference failed: Not enough information to infer parameter T in fun <T> emptyList(): List<T>
Please specify it explicitly.


FAILURE: Build failed with an exception.

* What went wrong:
Execution failed for task ':compileTestKotlin'.
> Compilation error. See log for more details

* Try:
Run with --stacktrace option to get the stack trace. Run with --info or --debug option to get more log output. Run with --scan to get full insights.

* Get more help at https://help.gradle.org

